

Starting the constrained Gauss-Newton method. Cost at starting value: 100.8643798828125
+-----------+-------------------------+-------------------------+-------------------------+-------------------------+-------------------------+
| Iteration | Cost                    | Constraint violation    | Stepsize (||p||)        | Steplength (h)          | Computation time [s]    |
+-----------+-------------------------+-------------------------+-------------------------+-------------------------+-------------------------+
+-----------+-------------------------+-------------------------+-------------------------+-------------------------+-------------------------+


Starting the constrained Gauss-Newton method. Cost at starting value: 100.8643798828125
+-----------+-------------------------+-------------------------+-------------------------+-------------------------+-------------------------+
| Iteration | Cost                    | Constraint violation    | Stepsize (||p||)        | Steplength (h)          | Computation time [s]    |
+-----------+-------------------------+-------------------------+-------------------------+-------------------------+-------------------------+
+-----------+-------------------------+-------------------------+-------------------------+-------------------------+-------------------------+


Starting the constrained Gauss-Newton method. Cost at starting value: 100.8643798828125
+-----------+-------------------------+-------------------------+-------------------------+-------------------------+-------------------------+
| Iteration | Cost                    | Constraint violation    | Stepsize (||p||)        | Steplength (h)          | Computation time [s]    |
+-----------+-------------------------+-------------------------+-------------------------+-------------------------+-------------------------+
+-----------+-------------------------+-------------------------+-------------------------+-------------------------+-------------------------+
|     1     |    9.516270596208729    |           0.0           |   0.06962336653931335   |           1.0           |  0.0007047653198242188  |
+-----------+-------------------------+-------------------------+-------------------------+-------------------------+-------------------------+
|     2     |    3.8285952673809596   |           0.0           |   0.055449638545353015  |           1.0           |  0.00014281272888183594 |
+-----------+-------------------------+-------------------------+-------------------------+-------------------------+-------------------------+
|     3     |    3.5442052421285983   |           0.0           |   0.13094651263824297   |          0.125          |  0.0002052783966064453  |
+-----------+-------------------------+-------------------------+-------------------------+-------------------------+-------------------------+
|     4     |    3.4933714514190064   |           0.0           |     0.31957999006583    |         0.015625        |  0.0002655982971191406  |
+-----------+-------------------------+-------------------------+-------------------------+-------------------------+-------------------------+
|     5     |    3.4930927365556377   |           0.0           |    4.021789370309579    |     0.0001220703125     |  0.00040459632873535156 |
+-----------+-------------------------+-------------------------+-------------------------+-------------------------+-------------------------+
The iteration converged successfully after 5 steps.
Minimum of cost function: 3.4930927365556377


Starting the constrained Gauss-Newton method. Cost at starting value: 100.8643798828125
+-----------+-------------------------+-------------------------+-------------------------+-------------------------+-------------------------+
| Iteration | Cost                    | Constraint violation    | Stepsize (||p||)        | Steplength (h)          | Computation time [s]    |
+-----------+-------------------------+-------------------------+-------------------------+-------------------------+-------------------------+
+-----------+-------------------------+-------------------------+-------------------------+-------------------------+-------------------------+
|     1     |    9.516270596208729    |           0.0           |   0.06962336653931335   |           1.0           |  0.0007164478302001953  |
+-----------+-------------------------+-------------------------+-------------------------+-------------------------+-------------------------+
|     2     |    3.8285952673809596   |           0.0           |   0.055449638545353015  |           1.0           |  0.0001442432403564453  |
+-----------+-------------------------+-------------------------+-------------------------+-------------------------+-------------------------+
|     3     |    3.5442052421285983   |           0.0           |   0.13094651263824297   |          0.125          |  0.00020933151245117188 |
+-----------+-------------------------+-------------------------+-------------------------+-------------------------+-------------------------+
|     4     |    3.4933714514190064   |           0.0           |     0.31957999006583    |         0.015625        |  0.00027251243591308594 |
+-----------+-------------------------+-------------------------+-------------------------+-------------------------+-------------------------+
|     5     |    3.4930927365556377   |           0.0           |    4.021789370309579    |     0.0001220703125     |  0.0004353523254394531  |
+-----------+-------------------------+-------------------------+-------------------------+-------------------------+-------------------------+
The iteration converged successfully after 5 steps.
Minimum of cost function: 3.4930927365556377
