

Starting the constrained Gauss-Newton method. Cost at starting value: 0.0
+-----------+-------------------------+-------------------------+-------------------------+-------------------------+-------------------------+
| Iteration | Cost                    | Constraint violation    | Stepsize (||p||)        | Steplength (h)          | Computation time [s]    |
+-----------+-------------------------+-------------------------+-------------------------+-------------------------+-------------------------+
+-----------+-------------------------+-------------------------+-------------------------+-------------------------+-------------------------+
|     1     |           0.0           |           0.0           |           0.0           |  2.220446049250313e-16  |   0.37203168869018555   |
+-----------+-------------------------+-------------------------+-------------------------+-------------------------+-------------------------+
The iteration converged successfully after 1 steps.
Minimum of cost function: 0.0


Starting the constrained Gauss-Newton method. Cost at starting value: 0.0
+-----------+-------------------------+-------------------------+-------------------------+-------------------------+-------------------------+
| Iteration | Cost                    | Constraint violation    | Stepsize (||p||)        | Steplength (h)          | Computation time [s]    |
+-----------+-------------------------+-------------------------+-------------------------+-------------------------+-------------------------+
+-----------+-------------------------+-------------------------+-------------------------+-------------------------+-------------------------+
|     1     |           0.0           |           0.0           |           0.0           |  2.220446049250313e-16  |   0.35558319091796875   |
+-----------+-------------------------+-------------------------+-------------------------+-------------------------+-------------------------+
The iteration converged successfully after 1 steps.
Minimum of cost function: 0.0


Starting the constrained Gauss-Newton method. Cost at starting value: 200.0
+-----------+-------------------------+-------------------------+-------------------------+-------------------------+-------------------------+
| Iteration | Cost                    | Constraint violation    | Stepsize (||p||)        | Steplength (h)          | Computation time [s]    |
+-----------+-------------------------+-------------------------+-------------------------+-------------------------+-------------------------+
+-----------+-------------------------+-------------------------+-------------------------+-------------------------+-------------------------+
|     1     |    150.00000000000009   |           0.0           |    7.0710678118654755   |           1.0           |   0.01961207389831543   |
+-----------+-------------------------+-------------------------+-------------------------+-------------------------+-------------------------+
|     2     |    150.00000000000006   |           0.0           |  1.7328350689820767e-14 |           1.0           |   0.018498897552490234  |
+-----------+-------------------------+-------------------------+-------------------------+-------------------------+-------------------------+
The iteration converged successfully after 2 steps.
Minimum of cost function: 150.00000000000006


Starting the constrained Gauss-Newton method. Cost at starting value: 200.0
+-----------+-------------------------+-------------------------+-------------------------+-------------------------+-------------------------+
| Iteration | Cost                    | Constraint violation    | Stepsize (||p||)        | Steplength (h)          | Computation time [s]    |
+-----------+-------------------------+-------------------------+-------------------------+-------------------------+-------------------------+
+-----------+-------------------------+-------------------------+-------------------------+-------------------------+-------------------------+
|     1     |    150.00000000000009   |           0.0           |    7.0710678118654755   |           1.0           |   0.009229660034179688  |
+-----------+-------------------------+-------------------------+-------------------------+-------------------------+-------------------------+
|     2     |    150.00000000000006   |           0.0           |  1.7328350689820767e-14 |           1.0           |   0.010189056396484375  |
+-----------+-------------------------+-------------------------+-------------------------+-------------------------+-------------------------+
The iteration converged successfully after 2 steps.
Minimum of cost function: 150.00000000000006


Starting the constrained Gauss-Newton method. Cost at starting value: 200.0
+-----------+-------------------------+-------------------------+-------------------------+-------------------------+-------------------------+
| Iteration | Cost                    | Constraint violation    | Stepsize (||p||)        | Steplength (h)          | Computation time [s]    |
+-----------+-------------------------+-------------------------+-------------------------+-------------------------+-------------------------+
+-----------+-------------------------+-------------------------+-------------------------+-------------------------+-------------------------+
|     1     |    150.00000000000009   |           0.0           |    7.0710678118654755   |           1.0           |   0.012663841247558594  |
+-----------+-------------------------+-------------------------+-------------------------+-------------------------+-------------------------+
|     2     |    150.00000000000006   |           0.0           |  1.7328350689820767e-14 |           1.0           |   0.01169896125793457   |
+-----------+-------------------------+-------------------------+-------------------------+-------------------------+-------------------------+
The iteration converged successfully after 2 steps.
Minimum of cost function: 150.00000000000006


Starting the constrained Gauss-Newton method. Cost at starting value: 200.0
+-----------+-------------------------+-------------------------+-------------------------+-------------------------+-------------------------+
| Iteration | Cost                    | Constraint violation    | Stepsize (||p||)        | Steplength (h)          | Computation time [s]    |
+-----------+-------------------------+-------------------------+-------------------------+-------------------------+-------------------------+
+-----------+-------------------------+-------------------------+-------------------------+-------------------------+-------------------------+
|     1     |    150.00000000000009   |           0.0           |    7.0710678118654755   |           1.0           |   0.012361526489257812  |
+-----------+-------------------------+-------------------------+-------------------------+-------------------------+-------------------------+
|     2     |    150.00000000000006   |           0.0           |  1.7328350689820767e-14 |           1.0           |   0.011361837387084961  |
+-----------+-------------------------+-------------------------+-------------------------+-------------------------+-------------------------+
The iteration converged successfully after 2 steps.
Minimum of cost function: 150.00000000000006


Starting the constrained Gauss-Newton method. Cost at starting value: 1.0
+-----------+-------------------------+-------------------------+-------------------------+-------------------------+-------------------------+
| Iteration | Cost                    | Constraint violation    | Stepsize (||p||)        | Steplength (h)          | Computation time [s]    |
+-----------+-------------------------+-------------------------+-------------------------+-------------------------+-------------------------+
+-----------+-------------------------+-------------------------+-------------------------+-------------------------+-------------------------+
|     1     |           1.0           |           0.0           |           0.0           |  2.220446049250313e-16  |   0.04925942420959473   |
+-----------+-------------------------+-------------------------+-------------------------+-------------------------+-------------------------+
The iteration converged successfully after 1 steps.
Minimum of cost function: 1.0


Starting the constrained Gauss-Newton method. Cost at starting value: 1.0
+-----------+-------------------------+-------------------------+-------------------------+-------------------------+-------------------------+
| Iteration | Cost                    | Constraint violation    | Stepsize (||p||)        | Steplength (h)          | Computation time [s]    |
+-----------+-------------------------+-------------------------+-------------------------+-------------------------+-------------------------+
+-----------+-------------------------+-------------------------+-------------------------+-------------------------+-------------------------+
|     1     |           1.0           |           0.0           |           0.0           |  2.220446049250313e-16  |  0.0036432743072509766  |
+-----------+-------------------------+-------------------------+-------------------------+-------------------------+-------------------------+
The iteration converged successfully after 1 steps.
Minimum of cost function: 1.0


Starting the constrained Gauss-Newton method. Cost at starting value: 6.594528049465325
+-----------+-------------------------+-------------------------+-------------------------+-------------------------+-------------------------+
| Iteration | Cost                    | Constraint violation    | Stepsize (||p||)        | Steplength (h)          | Computation time [s]    |
+-----------+-------------------------+-------------------------+-------------------------+-------------------------+-------------------------+
+-----------+-------------------------+-------------------------+-------------------------+-------------------------+-------------------------+


Starting the constrained Gauss-Newton method. Cost at starting value: 6.594528049465325
+-----------+-------------------------+-------------------------+-------------------------+-------------------------+-------------------------+
| Iteration | Cost                    | Constraint violation    | Stepsize (||p||)        | Steplength (h)          | Computation time [s]    |
+-----------+-------------------------+-------------------------+-------------------------+-------------------------+-------------------------+
+-----------+-------------------------+-------------------------+-------------------------+-------------------------+-------------------------+
|     1     |    5.916576829946141    |           0.0           |    18.672380216795222   |          0.125          |   0.02165699005126953   |
+-----------+-------------------------+-------------------------+-------------------------+-------------------------+-------------------------+
|     2     |    4.818913500862049    |           0.0           |    3.296516261103747    |           1.0           |  0.0004138946533203125  |
+-----------+-------------------------+-------------------------+-------------------------+-------------------------+-------------------------+
|     3     |    4.818913483604958    |           0.0           |    9.600585685450035    |  7.450580596923828e-09  |   0.003378629684448242  |
+-----------+-------------------------+-------------------------+-------------------------+-------------------------+-------------------------+
|     4     |    4.818913445643309    |           0.0           |     9.60058666837654    |  1.4901161193847656e-08 |  0.0034139156341552734  |
+-----------+-------------------------+-------------------------+-------------------------+-------------------------+-------------------------+
|     5     |    4.818913365499531    |           0.0           |    9.600588632581683    |  2.9802322387695312e-08 |   0.003229379653930664  |
+-----------+-------------------------+-------------------------+-------------------------+-------------------------+-------------------------+
|     6     |     4.81891320000622    |           0.0           |    9.600592558973696    |  5.960464477539063e-08  |  0.0034830570220947266  |
+-----------+-------------------------+-------------------------+-------------------------+-------------------------+-------------------------+
|     7     |    4.8189128625688396   |           0.0           |    9.600600409261467    |  1.1920928955078125e-07 |  0.0029573440551757812  |
+-----------+-------------------------+-------------------------+-------------------------+-------------------------+-------------------------+
|     8     |    4.818912179682426    |           0.0           |    9.600616106719311    |  2.384185791015625e-07  |  0.0028824806213378906  |
+-----------+-------------------------+-------------------------+-------------------------+-------------------------+-------------------------+
|     9     |    4.818910803966407    |           0.0           |     9.60064749766425    |   4.76837158203125e-07  |  0.0027866363525390625  |
+-----------+-------------------------+-------------------------+-------------------------+-------------------------+-------------------------+
|     10    |    4.818908040284882    |           0.0           |    9.600710274233075    |   9.5367431640625e-07   |  0.0028367042541503906  |
+-----------+-------------------------+-------------------------+-------------------------+-------------------------+-------------------------+
|     11    |    4.818902498245195    |           0.0           |    9.600835819232527    |   1.9073486328125e-06   |   0.002602100372314453  |
+-----------+-------------------------+-------------------------+-------------------------+-------------------------+-------------------------+
|     12    |    4.818891398296281    |           0.0           |     9.60108689307486    |    3.814697265625e-06   |  0.0023910999298095703  |
+-----------+-------------------------+-------------------------+-------------------------+-------------------------+-------------------------+
|     13    |    4.818869188417179    |           0.0           |    9.601588996552763    |    7.62939453125e-06    |  0.0023412704467773438  |
+-----------+-------------------------+-------------------------+-------------------------+-------------------------+-------------------------+
|     14    |    4.818824795576538    |           0.0           |    9.602593051837106    |    1.52587890625e-05    |  0.0022432804107666016  |
+-----------+-------------------------+-------------------------+-------------------------+-------------------------+-------------------------+
|     15    |    4.818736201181329    |           0.0           |    9.604600584317966    |     3.0517578125e-05    |  0.0024406909942626953  |
+-----------+-------------------------+-------------------------+-------------------------+-------------------------+-------------------------+
|     16    |    4.818559882790694    |           0.0           |    9.608613349836434    |     6.103515625e-05     |  0.0020694732666015625  |
+-----------+-------------------------+-------------------------+-------------------------+-------------------------+-------------------------+
|     17    |    4.818210865255994    |           0.0           |    9.616629514887125    |     0.0001220703125     |   0.002019166946411133  |
+-----------+-------------------------+-------------------------+-------------------------+-------------------------+-------------------------+
|     18    |    4.817527527806029    |           0.0           |    9.632622672416929    |      0.000244140625     |  0.0017926692962646484  |
+-----------+-------------------------+-------------------------+-------------------------+-------------------------+-------------------------+
|     19    |    4.8162203033523205   |           0.0           |     9.66443779945867    |      0.00048828125      |  0.0016789436340332031  |
+-----------+-------------------------+-------------------------+-------------------------+-------------------------+-------------------------+
|     20    |     4.81384746767689    |           0.0           |    9.727260061726223    |       0.0009765625      |  0.0015759468078613281  |
+-----------+-------------------------+-------------------------+-------------------------+-------------------------+-------------------------+
|     21    |    4.810095085719178    |           0.0           |    9.848569833274723    |       0.001953125       |  0.0014350414276123047  |
+-----------+-------------------------+-------------------------+-------------------------+-------------------------+-------------------------+
|     22    |    4.806727729028512    |           0.0           |    10.062864638596231   |        0.00390625       |  0.0013630390167236328  |
+-----------+-------------------------+-------------------------+-------------------------+-------------------------+-------------------------+
|     23    |    4.795650839093019    |           0.0           |    10.244533684471104   |        0.00390625       |  0.0013213157653808594  |
+-----------+-------------------------+-------------------------+-------------------------+-------------------------+-------------------------+
|     24    |    4.792040276166607    |           0.0           |    9.682485961671599    |        0.0078125        |   0.001222372055053711  |
+-----------+-------------------------+-------------------------+-------------------------+-------------------------+-------------------------+
|     25    |    4.765174445370302    |           0.0           |    4.014345421810918    |         0.03125         |  0.0010495185852050781  |
+-----------+-------------------------+-------------------------+-------------------------+-------------------------+-------------------------+
|     26    |    4.138739120763712    |           0.0           |    1.1940596861101767   |           1.0           |  0.0004317760467529297  |
+-----------+-------------------------+-------------------------+-------------------------+-------------------------+-------------------------+
|     27    |    3.9091166293548523   |           0.0           |    2.622124934443535    |          0.125          |  0.0008244514465332031  |
+-----------+-------------------------+-------------------------+-------------------------+-------------------------+-------------------------+
|     28    |    3.864366413625164    |           0.0           |    4.985594341100112    |         0.03125         |  0.0010788440704345703  |
+-----------+-------------------------+-------------------------+-------------------------+-------------------------+-------------------------+
|     29    |    3.837441974824486    |           0.0           |    6.004767504053333    |         0.015625        |  0.0012049674987792969  |
+-----------+-------------------------+-------------------------+-------------------------+-------------------------+-------------------------+
|     30    |    3.7934340199579464   |           0.0           |    6.8956579375107365   |         0.015625        |   0.001207113265991211  |
+-----------+-------------------------+-------------------------+-------------------------+-------------------------+-------------------------+
|     31    |     3.74939432124612    |           0.0           |    8.360744985188337    |         0.015625        |  0.0011968612670898438  |
+-----------+-------------------------+-------------------------+-------------------------+-------------------------+-------------------------+
|     32    |    3.7336379855292012   |           0.0           |    10.726511383981908   |         0.015625        |  0.0012047290802001953  |
+-----------+-------------------------+-------------------------+-------------------------+-------------------------+-------------------------+
|     33    |    3.6948855516949686   |           0.0           |    4.175198619988075    |         0.03125         |  0.0009963512420654297  |
+-----------+-------------------------+-------------------------+-------------------------+-------------------------+-------------------------+




Starting the constrained Gauss-Newton method. Cost at starting value: 6.594528049465325
Starting the constrained Gauss-Newton method. Cost at starting value: 6.594528049465325
+-----------+-------------------------+-------------------------+-------------------------+-------------------------+-------------------------+
| Iteration | Cost                    | Constraint violation    | Stepsize (||p||)        | Steplength (h)          | Computation time [s]    |
+-----------+-------------------------+-------------------------+-------------------------+-------------------------+-------------------------+
+-----------+-------------------------+-------------------------+-------------------------+-------------------------+-------------------------+
+-----------+-------------------------+-------------------------+-------------------------+-------------------------+-------------------------+
| Iteration | Cost                    | Constraint violation    | Stepsize (||p||)        | Steplength (h)          | Computation time [s]    |
+-----------+-------------------------+-------------------------+-------------------------+-------------------------+-------------------------+
+-----------+-------------------------+-------------------------+-------------------------+-------------------------+-------------------------+
|     1     |    5.916576829946141    |           0.0           |    18.672380216795222   |          0.125          |  0.0008294582366943359  |
+-----------+-------------------------+-------------------------+-------------------------+-------------------------+-------------------------+
|     1     |    5.916576829946141    |           0.0           |    18.672380216795222   |          0.125          |  0.0008294582366943359  |
+-----------+-------------------------+-------------------------+-------------------------+-------------------------+-------------------------+
|     2     |    4.8188871263751745   |           0.0           |    3.2965162610047187   |           1.0           |  0.00047898292541503906 |
+-----------+-------------------------+-------------------------+-------------------------+-------------------------+-------------------------+
|     2     |    4.8188871263751745   |           0.0           |    3.2965162610047187   |           1.0           |  0.00047898292541503906 |
+-----------+-------------------------+-------------------------+-------------------------+-------------------------+-------------------------+
|     3     |    4.818883344441887    |           0.0           |    9.600573087271261    |   1.9073486328125e-06   |  0.0037529468536376953  |
+-----------+-------------------------+-------------------------+-------------------------+-------------------------+-------------------------+
|     3     |    4.818883344441887    |           0.0           |    9.600573087271261    |   1.9073486328125e-06   |  0.0037529468536376953  |
+-----------+-------------------------+-------------------------+-------------------------+-------------------------+-------------------------+
|     4     |    4.818874400842878    |           0.0           |    9.600825015333625    |    3.814697265625e-06   |   0.002340078353881836  |
+-----------+-------------------------+-------------------------+-------------------------+-------------------------+-------------------------+
|     4     |    4.818874400842878    |           0.0           |    9.600825015333625    |    3.814697265625e-06   |   0.002340078353881836  |
+-----------+-------------------------+-------------------------+-------------------------+-------------------------+-------------------------+
|     5     |    4.818854851499171    |           0.0           |    9.601328174870288    |    7.62939453125e-06    |  0.0023276805877685547  |
+-----------+-------------------------+-------------------------+-------------------------+-------------------------+-------------------------+
|     5     |    4.818854851499171    |           0.0           |    9.601328174870288    |    7.62939453125e-06    |  0.0023276805877685547  |
+-----------+-------------------------+-------------------------+-------------------------+-------------------------+-------------------------+
|     6     |    4.818813755805715    |           0.0           |    9.602333551049183    |    1.52587890625e-05    |  0.0021905899047851562  |
+-----------+-------------------------+-------------------------+-------------------------+-------------------------+-------------------------+
|     6     |    4.818813755805715    |           0.0           |    9.602333551049183    |    1.52587890625e-05    |  0.0021905899047851562  |
+-----------+-------------------------+-------------------------+-------------------------+-------------------------+-------------------------+
|     7     |    4.818729258206363    |           0.0           |    9.604342753953972    |     3.0517578125e-05    |   0.007648944854736328  |
+-----------+-------------------------+-------------------------+-------------------------+-------------------------+-------------------------+
|     7     |    4.818729258206363    |           0.0           |    9.604342753953972    |     3.0517578125e-05    |   0.007648944854736328  |
+-----------+-------------------------+-------------------------+-------------------------+-------------------------+-------------------------+
|     8     |    4.818558037262867    |           0.0           |    9.608357657235398    |     6.103515625e-05     |   0.005173206329345703  |
+-----------+-------------------------+-------------------------+-------------------------+-------------------------+-------------------------+
|     8     |    4.818558037262867    |           0.0           |    9.608357657235398    |     6.103515625e-05     |   0.005173206329345703  |
+-----------+-------------------------+-------------------------+-------------------------+-------------------------+-------------------------+
|     9     |      4.818215365582     |           0.0           |    9.616376598470136    |     0.0001220703125     |   0.003332853317260742  |
+-----------+-------------------------+-------------------------+-------------------------+-------------------------+-------------------------+
|     9     |      4.818215365582     |           0.0           |    9.616376598470136    |     0.0001220703125     |   0.003332853317260742  |
+-----------+-------------------------+-------------------------+-------------------------+-------------------------+-------------------------+
|     10    |    4.817539927527823    |           0.0           |    9.632373437585509    |      0.000244140625     |   0.003354787826538086  |
+-----------+-------------------------+-------------------------+-------------------------+-------------------------+-------------------------+
|     10    |    4.817539927527823    |           0.0           |    9.632373437585509    |      0.000244140625     |   0.003354787826538086  |
+-----------+-------------------------+-------------------------+-------------------------+-------------------------+-------------------------+
|     11    |    4.8162425319157025   |           0.0           |     9.6641936357669     |      0.00048828125      |  0.0016565322875976562  |
+-----------+-------------------------+-------------------------+-------------------------+-------------------------+-------------------------+
|     11    |    4.8162425319157025   |           0.0           |     9.6641936357669     |      0.00048828125      |  0.0016565322875976562  |
+-----------+-------------------------+-------------------------+-------------------------+-------------------------+-------------------------+
|     12    |    4.813881919492412    |           0.0           |    9.727023526135966    |       0.0009765625      |  0.0015332698822021484  |
+-----------+-------------------------+-------------------------+-------------------------+-------------------------+-------------------------+
|     12    |    4.813881919492412    |           0.0           |    9.727023526135966    |       0.0009765625      |  0.0015332698822021484  |
+-----------+-------------------------+-------------------------+-------------------------+-------------------------+-------------------------+
|     13    |    4.810144738629898    |           0.0           |    9.848347567961346    |       0.001953125       |  0.0014994144439697266  |
+-----------+-------------------------+-------------------------+-------------------------+-------------------------+-------------------------+
|     13    |    4.810144738629898    |           0.0           |    9.848347567961346    |       0.001953125       |  0.0014994144439697266  |
+-----------+-------------------------+-------------------------+-------------------------+-------------------------+-------------------------+
|     14    |    4.806796357520184    |           0.0           |    10.062683360151325   |        0.00390625       |  0.0012938976287841797  |
+-----------+-------------------------+-------------------------+-------------------------+-------------------------+-------------------------+
|     14    |    4.806796357520184    |           0.0           |    10.062683360151325   |        0.00390625       |  0.0012938976287841797  |
+-----------+-------------------------+-------------------------+-------------------------+-------------------------+-------------------------+
|     15    |    4.795729703387368    |           0.0           |    10.244554927325256   |        0.00390625       |   0.001249074935913086  |
+-----------+-------------------------+-------------------------+-------------------------+-------------------------+-------------------------+
|     15    |    4.795729703387368    |           0.0           |    10.244554927325256   |        0.00390625       |   0.001249074935913086  |
+-----------+-------------------------+-------------------------+-------------------------+-------------------------+-------------------------+
|     16    |    4.792136854802818    |           0.0           |    9.682991814380243    |        0.0078125        |  0.0024552345275878906  |
+-----------+-------------------------+-------------------------+-------------------------+-------------------------+-------------------------+
|     16    |    4.792136854802818    |           0.0           |    9.682991814380243    |        0.0078125        |  0.0024552345275878906  |
+-----------+-------------------------+-------------------------+-------------------------+-------------------------+-------------------------+
|     17    |    4.765362600798143    |           0.0           |    4.016089112134686    |         0.03125         |  0.0011065006256103516  |
+-----------+-------------------------+-------------------------+-------------------------+-------------------------+-------------------------+
|     17    |    4.765362600798143    |           0.0           |    4.016089112134686    |         0.03125         |  0.0011065006256103516  |
+-----------+-------------------------+-------------------------+-------------------------+-------------------------+-------------------------+
|     18    |    4.138878016125075    |           0.0           |    1.1941274064486223   |           1.0           |  0.0004029273986816406  |
+-----------+-------------------------+-------------------------+-------------------------+-------------------------+-------------------------+
|     18    |    4.138878016125075    |           0.0           |    1.1941274064486223   |           1.0           |  0.0004029273986816406  |
+-----------+-------------------------+-------------------------+-------------------------+-------------------------+-------------------------+
|     19    |    3.905703177689063    |           0.0           |    2.621902700952658    |          0.125          |  0.0007369518280029297  |
+-----------+-------------------------+-------------------------+-------------------------+-------------------------+-------------------------+
|     19    |    3.905703177689063    |           0.0           |    2.621902700952658    |          0.125          |  0.0007369518280029297  |
+-----------+-------------------------+-------------------------+-------------------------+-------------------------+-------------------------+
|     20    |    3.8741011662398033   |           0.0           |    4.984399373326857    |          0.0625         |  0.0009129047393798828  |
+-----------+-------------------------+-------------------------+-------------------------+-------------------------+-------------------------+
|     20    |    3.8741011662398033   |           0.0           |    4.984399373326857    |          0.0625         |  0.0009129047393798828  |
+-----------+-------------------------+-------------------------+-------------------------+-------------------------+-------------------------+
|     21    |    3.8467911064438507   |           0.0           |    7.599411823637864    |         0.015625        |  0.0011029243469238281  |
+-----------+-------------------------+-------------------------+-------------------------+-------------------------+-------------------------+
|     21    |    3.8467911064438507   |           0.0           |    7.599411823637864    |         0.015625        |  0.0011029243469238281  |
+-----------+-------------------------+-------------------------+-------------------------+-------------------------+-------------------------+
|     22    |    3.8303781760817937   |           0.0           |    9.497757415298246    |         0.015625        |  0.0011098384857177734  |
+-----------+-------------------------+-------------------------+-------------------------+-------------------------+-------------------------+
|     22    |    3.8303781760817937   |           0.0           |    9.497757415298246    |         0.015625        |  0.0011098384857177734  |
+-----------+-------------------------+-------------------------+-------------------------+-------------------------+-------------------------+
|     23    |    3.8083271100650165   |           0.0           |    10.269920782197444   |        0.0078125        |   0.001214742660522461  |
+-----------+-------------------------+-------------------------+-------------------------+-------------------------+-------------------------+
|     23    |    3.8083271100650165   |           0.0           |    10.269920782197444   |        0.0078125        |   0.001214742660522461  |
+-----------+-------------------------+-------------------------+-------------------------+-------------------------+-------------------------+
|     24    |    3.802091475890662    |           0.0           |    3.645351353483727    |          0.0625         |  0.0009298324584960938  |
+-----------+-------------------------+-------------------------+-------------------------+-------------------------+-------------------------+
|     24    |    3.802091475890662    |           0.0           |    3.645351353483727    |          0.0625         |  0.0009298324584960938  |
+-----------+-------------------------+-------------------------+-------------------------+-------------------------+-------------------------+
|     25    |    3.360915083457109    |           0.0           |    1.1248260451398198   |           0.5           |  0.0005304813385009766  |
+-----------+-------------------------+-------------------------+-------------------------+-------------------------+-------------------------+
|     25    |    3.360915083457109    |           0.0           |    1.1248260451398198   |           0.5           |  0.0005304813385009766  |
+-----------+-------------------------+-------------------------+-------------------------+-------------------------+-------------------------+
|     26    |    3.285940153106586    |           0.0           |    8.530377667519966    |          0.0625         |  0.0009715557098388672  |
+-----------+-------------------------+-------------------------+-------------------------+-------------------------+-------------------------+
|     26    |    3.285940153106586    |           0.0           |    8.530377667519966    |          0.0625         |  0.0009715557098388672  |
+-----------+-------------------------+-------------------------+-------------------------+-------------------------+-------------------------+
|     27    |    3.1844033945985837   |           0.0           |    0.9705991834591887   |           0.5           |  0.0005922317504882812  |
+-----------+-------------------------+-------------------------+-------------------------+-------------------------+-------------------------+
|     27    |    3.1844033945985837   |           0.0           |    0.9705991834591887   |           0.5           |  0.0005922317504882812  |
+-----------+-------------------------+-------------------------+-------------------------+-------------------------+-------------------------+
|     28    |    3.070418475322271    |           0.0           |     9.94702920135142    |          0.0625         |  0.0009007453918457031  |
+-----------+-------------------------+-------------------------+-------------------------+-------------------------+-------------------------+
|     28    |    3.070418475322271    |           0.0           |     9.94702920135142    |          0.0625         |  0.0009007453918457031  |
+-----------+-------------------------+-------------------------+-------------------------+-------------------------+-------------------------+
|     29    |    2.9970781777122633   |           0.0           |    1.066327163670871    |           0.25          |  0.0006530284881591797  |
+-----------+-------------------------+-------------------------+-------------------------+-------------------------+-------------------------+
|     29    |    2.9970781777122633   |           0.0           |    1.066327163670871    |           0.25          |  0.0006530284881591797  |
+-----------+-------------------------+-------------------------+-------------------------+-------------------------+-------------------------+
|     30    |    2.984378724756869    |           0.0           |    16.61499522267471    |         0.03125         |  0.0009799003601074219  |
+-----------+-------------------------+-------------------------+-------------------------+-------------------------+-------------------------+
|     30    |    2.984378724756869    |           0.0           |    16.61499522267471    |         0.03125         |  0.0009799003601074219  |
+-----------+-------------------------+-------------------------+-------------------------+-------------------------+-------------------------+
|     31    |    2.9163678650033464   |           0.0           |    1.2902124628972673   |           0.25          |  0.0006480216979980469  |
+-----------+-------------------------+-------------------------+-------------------------+-------------------------+-------------------------+
|     31    |    2.9163678650033464   |           0.0           |    1.2902124628972673   |           0.25          |  0.0006480216979980469  |
+-----------+-------------------------+-------------------------+-------------------------+-------------------------+-------------------------+
|     32    |    2.889056743171634    |           0.0           |    11.946440498986536   |         0.03125         |   0.001001119613647461  |
+-----------+-------------------------+-------------------------+-------------------------+-------------------------+-------------------------+
|     32    |    2.889056743171634    |           0.0           |    11.946440498986536   |         0.03125         |   0.001001119613647461  |
+-----------+-------------------------+-------------------------+-------------------------+-------------------------+-------------------------+
|     33    |    2.8868926248309745   |           0.0           |    1.2866973646600481   |           0.25          |  0.0006480216979980469  |
+-----------+-------------------------+-------------------------+-------------------------+-------------------------+-------------------------+
|     33    |    2.8868926248309745   |           0.0           |    1.2866973646600481   |           0.25          |  0.0006480216979980469  |
+-----------+-------------------------+-------------------------+-------------------------+-------------------------+-------------------------+
|     34    |    2.8607681116225248   |           0.0           |    15.742819632972926   |         0.03125         |  0.0009839534759521484  |
+-----------+-------------------------+-------------------------+-------------------------+-------------------------+-------------------------+
|     34    |    2.8607681116225248   |           0.0           |    15.742819632972926   |         0.03125         |  0.0009839534759521484  |
+-----------+-------------------------+-------------------------+-------------------------+-------------------------+-------------------------+
|     35    |    2.845579612113559    |           0.0           |    1.4362935613882197   |          0.125          |  0.0007684230804443359  |
+-----------+-------------------------+-------------------------+-------------------------+-------------------------+-------------------------+
|     35    |    2.845579612113559    |           0.0           |    1.4362935613882197   |          0.125          |  0.0007684230804443359  |
+-----------+-------------------------+-------------------------+-------------------------+-------------------------+-------------------------+
|     36    |    2.845579612113559    |           0.0           |    1.2255556098521765   |  2.842170943040401e-14  |  0.0054132938385009766  |
+-----------+-------------------------+-------------------------+-------------------------+-------------------------+-------------------------+
|     36    |    2.845579612113559    |           0.0           |    1.2255556098521765   |  2.842170943040401e-14  |  0.0054132938385009766  |
+-----------+-------------------------+-------------------------+-------------------------+-------------------------+-------------------------+
The iteration converged successfully after 36 steps.
The iteration converged successfully after 36 steps.
Minimum of cost function: 2.845579612113559
Minimum of cost function: 2.845579612113559


Starting the constrained Gauss-Newton method. Cost at starting value: 6.594528049465325
+-----------+-------------------------+-------------------------+-------------------------+-------------------------+-------------------------+
| Iteration | Cost                    | Constraint violation    | Stepsize (||p||)        | Steplength (h)          | Computation time [s]    |
+-----------+-------------------------+-------------------------+-------------------------+-------------------------+-------------------------+
+-----------+-------------------------+-------------------------+-------------------------+-------------------------+-------------------------+
|     1     |    5.916576829946141    |           0.0           |    18.672380216795222   |          0.125          |  0.0008924007415771484  |
+-----------+-------------------------+-------------------------+-------------------------+-------------------------+-------------------------+
|     2     |    4.8188871263751745   |           0.0           |    3.2965162610047187   |           1.0           |  0.00044083595275878906 |
+-----------+-------------------------+-------------------------+-------------------------+-------------------------+-------------------------+
|     3     |    4.818883344441887    |           0.0           |    9.600573087271261    |   1.9073486328125e-06   |   0.002945423126220703  |
+-----------+-------------------------+-------------------------+-------------------------+-------------------------+-------------------------+
|     4     |    4.818874400842878    |           0.0           |    9.600825015333625    |    3.814697265625e-06   |   0.003156423568725586  |
+-----------+-------------------------+-------------------------+-------------------------+-------------------------+-------------------------+
|     5     |    4.818854851499171    |           0.0           |    9.601328174870288    |    7.62939453125e-06    |  0.0024766921997070312  |
+-----------+-------------------------+-------------------------+-------------------------+-------------------------+-------------------------+
|     6     |    4.818813755805715    |           0.0           |    9.602333551049183    |    1.52587890625e-05    |  0.0021250247955322266  |
+-----------+-------------------------+-------------------------+-------------------------+-------------------------+-------------------------+
|     7     |    4.818729258206363    |           0.0           |    9.604342753953972    |     3.0517578125e-05    |  0.0019245147705078125  |
+-----------+-------------------------+-------------------------+-------------------------+-------------------------+-------------------------+
|     8     |    4.818558037262867    |           0.0           |    9.608357657235398    |     6.103515625e-05     |  0.0018203258514404297  |
+-----------+-------------------------+-------------------------+-------------------------+-------------------------+-------------------------+
|     9     |      4.818215365582     |           0.0           |    9.616376598470136    |     0.0001220703125     |  0.0023233890533447266  |
+-----------+-------------------------+-------------------------+-------------------------+-------------------------+-------------------------+
|     10    |    4.817539927527823    |           0.0           |    9.632373437585509    |      0.000244140625     |  0.0018923282623291016  |
+-----------+-------------------------+-------------------------+-------------------------+-------------------------+-------------------------+
|     11    |    4.8162425319157025   |           0.0           |     9.6641936357669     |      0.00048828125      |  0.0015108585357666016  |
+-----------+-------------------------+-------------------------+-------------------------+-------------------------+-------------------------+
|     12    |    4.813881919492412    |           0.0           |    9.727023526135966    |       0.0009765625      |  0.0014164447784423828  |
+-----------+-------------------------+-------------------------+-------------------------+-------------------------+-------------------------+
|     13    |    4.810144738629898    |           0.0           |    9.848347567961346    |       0.001953125       |  0.0015826225280761719  |
+-----------+-------------------------+-------------------------+-------------------------+-------------------------+-------------------------+
|     14    |    4.806796357520184    |           0.0           |    10.062683360151325   |        0.00390625       |  0.0014200210571289062  |
+-----------+-------------------------+-------------------------+-------------------------+-------------------------+-------------------------+
|     15    |    4.795729703387368    |           0.0           |    10.244554927325256   |        0.00390625       |   0.001310586929321289  |
+-----------+-------------------------+-------------------------+-------------------------+-------------------------+-------------------------+
|     16    |    4.792136854802818    |           0.0           |    9.682991814380243    |        0.0078125        |  0.0017347335815429688  |
+-----------+-------------------------+-------------------------+-------------------------+-------------------------+-------------------------+
|     17    |    4.765362600798143    |           0.0           |    4.016089112134686    |         0.03125         |  0.0010342597961425781  |
+-----------+-------------------------+-------------------------+-------------------------+-------------------------+-------------------------+
|     18    |    4.138878016125075    |           0.0           |    1.1941274064486223   |           1.0           |  0.0004050731658935547  |
+-----------+-------------------------+-------------------------+-------------------------+-------------------------+-------------------------+
|     19    |    3.905703177689063    |           0.0           |    2.621902700952658    |          0.125          |  0.0007441043853759766  |
+-----------+-------------------------+-------------------------+-------------------------+-------------------------+-------------------------+
|     20    |    3.8741011662398033   |           0.0           |    4.984399373326857    |          0.0625         |  0.0008571147918701172  |
+-----------+-------------------------+-------------------------+-------------------------+-------------------------+-------------------------+
|     21    |    3.8467911064438507   |           0.0           |    7.599411823637864    |         0.015625        |  0.0010731220245361328  |
+-----------+-------------------------+-------------------------+-------------------------+-------------------------+-------------------------+
|     22    |    3.8303781760817937   |           0.0           |    9.497757415298246    |         0.015625        |  0.0011010169982910156  |
+-----------+-------------------------+-------------------------+-------------------------+-------------------------+-------------------------+
|     23    |    3.8083271100650165   |           0.0           |    10.269920782197444   |        0.0078125        |  0.0012519359588623047  |
+-----------+-------------------------+-------------------------+-------------------------+-------------------------+-------------------------+
|     24    |    3.802091475890662    |           0.0           |    3.645351353483727    |          0.0625         |  0.0008571147918701172  |
+-----------+-------------------------+-------------------------+-------------------------+-------------------------+-------------------------+
|     25    |    3.360915083457109    |           0.0           |    1.1248260451398198   |           0.5           |  0.0005218982696533203  |
+-----------+-------------------------+-------------------------+-------------------------+-------------------------+-------------------------+
|     26    |    3.285940153106586    |           0.0           |    8.530377667519966    |          0.0625         |  0.0008764266967773438  |
+-----------+-------------------------+-------------------------+-------------------------+-------------------------+-------------------------+
|     27    |    3.1844033945985837   |           0.0           |    0.9705991834591887   |           0.5           |  0.0005164146423339844  |
+-----------+-------------------------+-------------------------+-------------------------+-------------------------+-------------------------+
|     28    |    3.070418475322271    |           0.0           |     9.94702920135142    |          0.0625         |  0.0008523464202880859  |
+-----------+-------------------------+-------------------------+-------------------------+-------------------------+-------------------------+
|     29    |    2.9970781777122633   |           0.0           |    1.066327163670871    |           0.25          |  0.0006232261657714844  |
+-----------+-------------------------+-------------------------+-------------------------+-------------------------+-------------------------+
|     30    |    2.984378724756869    |           0.0           |    16.61499522267471    |         0.03125         |   0.000978231430053711  |
+-----------+-------------------------+-------------------------+-------------------------+-------------------------+-------------------------+
|     31    |    2.9163678650033464   |           0.0           |    1.2902124628972673   |           0.25          |  0.0010614395141601562  |
+-----------+-------------------------+-------------------------+-------------------------+-------------------------+-------------------------+
|     32    |    2.889056743171634    |           0.0           |    11.946440498986536   |         0.03125         |  0.0009791851043701172  |
+-----------+-------------------------+-------------------------+-------------------------+-------------------------+-------------------------+
|     33    |    2.8868926248309745   |           0.0           |    1.2866973646600481   |           0.25          |  0.0006368160247802734  |
+-----------+-------------------------+-------------------------+-------------------------+-------------------------+-------------------------+
|     34    |    2.8607681116225248   |           0.0           |    15.742819632972926   |         0.03125         |  0.0009584426879882812  |
+-----------+-------------------------+-------------------------+-------------------------+-------------------------+-------------------------+
|     35    |    2.845579612113559    |           0.0           |    1.4362935613882197   |          0.125          |  0.0007417201995849609  |
+-----------+-------------------------+-------------------------+-------------------------+-------------------------+-------------------------+
|     36    |    2.845579612113559    |           0.0           |    1.2255556098521765   |  2.842170943040401e-14  |   0.005408763885498047  |
+-----------+-------------------------+-------------------------+-------------------------+-------------------------+-------------------------+
The iteration converged successfully after 36 steps.
Minimum of cost function: 2.845579612113559
